c:\users\brandao\desktop\tcc\projetos_arm\drone_rtos\dronee\visualgdb\debug\dronee
c:\users\brandao\desktop\tcc\projetos_arm\drone_rtos\dronee\visualgdb\debug\dronee.link.rsp
c:\users\brandao\desktop\tcc\projetos_arm\drone_rtos\dronee\visualgdb\debug\dronee.mkbin.rsp
c:\users\brandao\desktop\tcc\projetos_arm\drone_rtos\dronee\visualgdb\debug\dronee.bin
c:\users\brandao\desktop\tcc\projetos_arm\drone_rtos\dronee\dronee\visualgdb\debug\cmsis_os.o
c:\users\brandao\desktop\tcc\projetos_arm\drone_rtos\dronee\dronee\visualgdb\debug\croutine.o
c:\users\brandao\desktop\tcc\projetos_arm\drone_rtos\dronee\dronee\visualgdb\debug\event_groups.o
c:\users\brandao\desktop\tcc\projetos_arm\drone_rtos\dronee\dronee\visualgdb\debug\freertos.o
c:\users\brandao\desktop\tcc\projetos_arm\drone_rtos\dronee\dronee\visualgdb\debug\heap_4.o
c:\users\brandao\desktop\tcc\projetos_arm\drone_rtos\dronee\dronee\visualgdb\debug\list.o
c:\users\brandao\desktop\tcc\projetos_arm\drone_rtos\dronee\dronee\visualgdb\debug\lsm303agr.o
c:\users\brandao\desktop\tcc\projetos_arm\drone_rtos\dronee\dronee\visualgdb\debug\lsm6dsl.o
c:\users\brandao\desktop\tcc\projetos_arm\drone_rtos\dronee\dronee\visualgdb\debug\main.o
c:\users\brandao\desktop\tcc\projetos_arm\drone_rtos\dronee\dronee\visualgdb\debug\port.o
c:\users\brandao\desktop\tcc\projetos_arm\drone_rtos\dronee\dronee\visualgdb\debug\queue.o
c:\users\brandao\desktop\tcc\projetos_arm\drone_rtos\dronee\dronee\visualgdb\debug\startup_stm32f410rx.o
c:\users\brandao\desktop\tcc\projetos_arm\drone_rtos\dronee\dronee\visualgdb\debug\stm32f4xx_hal.o
c:\users\brandao\desktop\tcc\projetos_arm\drone_rtos\dronee\dronee\visualgdb\debug\stm32f4xx_hal_cortex.o
c:\users\brandao\desktop\tcc\projetos_arm\drone_rtos\dronee\dronee\visualgdb\debug\stm32f4xx_hal_dma.o
c:\users\brandao\desktop\tcc\projetos_arm\drone_rtos\dronee\dronee\visualgdb\debug\stm32f4xx_hal_dma_ex.o
c:\users\brandao\desktop\tcc\projetos_arm\drone_rtos\dronee\dronee\visualgdb\debug\stm32f4xx_hal_flash.o
c:\users\brandao\desktop\tcc\projetos_arm\drone_rtos\dronee\dronee\visualgdb\debug\stm32f4xx_hal_flash_ex.o
c:\users\brandao\desktop\tcc\projetos_arm\drone_rtos\dronee\dronee\visualgdb\debug\stm32f4xx_hal_flash_ramfunc.o
c:\users\brandao\desktop\tcc\projetos_arm\drone_rtos\dronee\dronee\visualgdb\debug\stm32f4xx_hal_gpio.o
c:\users\brandao\desktop\tcc\projetos_arm\drone_rtos\dronee\dronee\visualgdb\debug\stm32f4xx_hal_i2c.o
c:\users\brandao\desktop\tcc\projetos_arm\drone_rtos\dronee\dronee\visualgdb\debug\stm32f4xx_hal_i2c_ex.o
c:\users\brandao\desktop\tcc\projetos_arm\drone_rtos\dronee\dronee\visualgdb\debug\stm32f4xx_hal_msp.o
c:\users\brandao\desktop\tcc\projetos_arm\drone_rtos\dronee\dronee\visualgdb\debug\stm32f4xx_hal_pwr.o
c:\users\brandao\desktop\tcc\projetos_arm\drone_rtos\dronee\dronee\visualgdb\debug\stm32f4xx_hal_pwr_ex.o
c:\users\brandao\desktop\tcc\projetos_arm\drone_rtos\dronee\dronee\visualgdb\debug\stm32f4xx_hal_rcc.o
c:\users\brandao\desktop\tcc\projetos_arm\drone_rtos\dronee\dronee\visualgdb\debug\stm32f4xx_hal_rcc_ex.o
c:\users\brandao\desktop\tcc\projetos_arm\drone_rtos\dronee\dronee\visualgdb\debug\stm32f4xx_hal_tim.o
c:\users\brandao\desktop\tcc\projetos_arm\drone_rtos\dronee\dronee\visualgdb\debug\stm32f4xx_hal_tim_ex.o
c:\users\brandao\desktop\tcc\projetos_arm\drone_rtos\dronee\dronee\visualgdb\debug\stm32f4xx_hal_uart.o
c:\users\brandao\desktop\tcc\projetos_arm\drone_rtos\dronee\dronee\visualgdb\debug\stm32f4xx_it.o
c:\users\brandao\desktop\tcc\projetos_arm\drone_rtos\dronee\dronee\visualgdb\debug\system_stm32f4xx.o
c:\users\brandao\desktop\tcc\projetos_arm\drone_rtos\dronee\dronee\visualgdb\debug\tasks.o
c:\users\brandao\desktop\tcc\projetos_arm\drone_rtos\dronee\dronee\visualgdb\debug\timers.o
c:\users\brandao\desktop\tcc\projetos_arm\drone_rtos\dronee\dronee\visualgdb\debug\cmsis_os.dep
c:\users\brandao\desktop\tcc\projetos_arm\drone_rtos\dronee\dronee\visualgdb\debug\croutine.dep
c:\users\brandao\desktop\tcc\projetos_arm\drone_rtos\dronee\dronee\visualgdb\debug\event_groups.dep
c:\users\brandao\desktop\tcc\projetos_arm\drone_rtos\dronee\dronee\visualgdb\debug\freertos.dep
c:\users\brandao\desktop\tcc\projetos_arm\drone_rtos\dronee\dronee\visualgdb\debug\heap_4.dep
c:\users\brandao\desktop\tcc\projetos_arm\drone_rtos\dronee\dronee\visualgdb\debug\list.dep
c:\users\brandao\desktop\tcc\projetos_arm\drone_rtos\dronee\dronee\visualgdb\debug\lsm303agr.dep
c:\users\brandao\desktop\tcc\projetos_arm\drone_rtos\dronee\dronee\visualgdb\debug\lsm6dsl.dep
c:\users\brandao\desktop\tcc\projetos_arm\drone_rtos\dronee\dronee\visualgdb\debug\main.dep
c:\users\brandao\desktop\tcc\projetos_arm\drone_rtos\dronee\dronee\visualgdb\debug\port.dep
c:\users\brandao\desktop\tcc\projetos_arm\drone_rtos\dronee\dronee\visualgdb\debug\queue.dep
c:\users\brandao\desktop\tcc\projetos_arm\drone_rtos\dronee\dronee\visualgdb\debug\startup_stm32f410rx.dep
c:\users\brandao\desktop\tcc\projetos_arm\drone_rtos\dronee\dronee\visualgdb\debug\stm32f4xx_hal.dep
c:\users\brandao\desktop\tcc\projetos_arm\drone_rtos\dronee\dronee\visualgdb\debug\stm32f4xx_hal_cortex.dep
c:\users\brandao\desktop\tcc\projetos_arm\drone_rtos\dronee\dronee\visualgdb\debug\stm32f4xx_hal_dma.dep
c:\users\brandao\desktop\tcc\projetos_arm\drone_rtos\dronee\dronee\visualgdb\debug\stm32f4xx_hal_dma_ex.dep
c:\users\brandao\desktop\tcc\projetos_arm\drone_rtos\dronee\dronee\visualgdb\debug\stm32f4xx_hal_flash.dep
c:\users\brandao\desktop\tcc\projetos_arm\drone_rtos\dronee\dronee\visualgdb\debug\stm32f4xx_hal_flash_ex.dep
c:\users\brandao\desktop\tcc\projetos_arm\drone_rtos\dronee\dronee\visualgdb\debug\stm32f4xx_hal_flash_ramfunc.dep
c:\users\brandao\desktop\tcc\projetos_arm\drone_rtos\dronee\dronee\visualgdb\debug\stm32f4xx_hal_gpio.dep
c:\users\brandao\desktop\tcc\projetos_arm\drone_rtos\dronee\dronee\visualgdb\debug\stm32f4xx_hal_i2c.dep
c:\users\brandao\desktop\tcc\projetos_arm\drone_rtos\dronee\dronee\visualgdb\debug\stm32f4xx_hal_i2c_ex.dep
c:\users\brandao\desktop\tcc\projetos_arm\drone_rtos\dronee\dronee\visualgdb\debug\stm32f4xx_hal_msp.dep
c:\users\brandao\desktop\tcc\projetos_arm\drone_rtos\dronee\dronee\visualgdb\debug\stm32f4xx_hal_pwr.dep
c:\users\brandao\desktop\tcc\projetos_arm\drone_rtos\dronee\dronee\visualgdb\debug\stm32f4xx_hal_pwr_ex.dep
c:\users\brandao\desktop\tcc\projetos_arm\drone_rtos\dronee\dronee\visualgdb\debug\stm32f4xx_hal_rcc.dep
c:\users\brandao\desktop\tcc\projetos_arm\drone_rtos\dronee\dronee\visualgdb\debug\stm32f4xx_hal_rcc_ex.dep
c:\users\brandao\desktop\tcc\projetos_arm\drone_rtos\dronee\dronee\visualgdb\debug\stm32f4xx_hal_tim.dep
c:\users\brandao\desktop\tcc\projetos_arm\drone_rtos\dronee\dronee\visualgdb\debug\stm32f4xx_hal_tim_ex.dep
c:\users\brandao\desktop\tcc\projetos_arm\drone_rtos\dronee\dronee\visualgdb\debug\stm32f4xx_hal_uart.dep
c:\users\brandao\desktop\tcc\projetos_arm\drone_rtos\dronee\dronee\visualgdb\debug\stm32f4xx_it.dep
c:\users\brandao\desktop\tcc\projetos_arm\drone_rtos\dronee\dronee\visualgdb\debug\system_stm32f4xx.dep
c:\users\brandao\desktop\tcc\projetos_arm\drone_rtos\dronee\dronee\visualgdb\debug\tasks.dep
c:\users\brandao\desktop\tcc\projetos_arm\drone_rtos\dronee\dronee\visualgdb\debug\timers.dep
c:\users\brandao\desktop\tcc\projetos_arm\drone_rtos\dronee\dronee\visualgdb\debug\cmsis_os.gcc.rsp
c:\users\brandao\desktop\tcc\projetos_arm\drone_rtos\dronee\dronee\visualgdb\debug\croutine.gcc.rsp
c:\users\brandao\desktop\tcc\projetos_arm\drone_rtos\dronee\dronee\visualgdb\debug\event_groups.gcc.rsp
c:\users\brandao\desktop\tcc\projetos_arm\drone_rtos\dronee\dronee\visualgdb\debug\freertos.gcc.rsp
c:\users\brandao\desktop\tcc\projetos_arm\drone_rtos\dronee\dronee\visualgdb\debug\heap_4.gcc.rsp
c:\users\brandao\desktop\tcc\projetos_arm\drone_rtos\dronee\dronee\visualgdb\debug\list.gcc.rsp
c:\users\brandao\desktop\tcc\projetos_arm\drone_rtos\dronee\dronee\visualgdb\debug\lsm303agr.gcc.rsp
c:\users\brandao\desktop\tcc\projetos_arm\drone_rtos\dronee\dronee\visualgdb\debug\lsm6dsl.gcc.rsp
c:\users\brandao\desktop\tcc\projetos_arm\drone_rtos\dronee\dronee\visualgdb\debug\main.gcc.rsp
c:\users\brandao\desktop\tcc\projetos_arm\drone_rtos\dronee\dronee\visualgdb\debug\port.gcc.rsp
c:\users\brandao\desktop\tcc\projetos_arm\drone_rtos\dronee\dronee\visualgdb\debug\queue.gcc.rsp
c:\users\brandao\desktop\tcc\projetos_arm\drone_rtos\dronee\dronee\visualgdb\debug\startup_stm32f410rx.gcc.rsp
c:\users\brandao\desktop\tcc\projetos_arm\drone_rtos\dronee\dronee\visualgdb\debug\stm32f4xx_hal.gcc.rsp
c:\users\brandao\desktop\tcc\projetos_arm\drone_rtos\dronee\dronee\visualgdb\debug\stm32f4xx_hal_cortex.gcc.rsp
c:\users\brandao\desktop\tcc\projetos_arm\drone_rtos\dronee\dronee\visualgdb\debug\stm32f4xx_hal_dma.gcc.rsp
c:\users\brandao\desktop\tcc\projetos_arm\drone_rtos\dronee\dronee\visualgdb\debug\stm32f4xx_hal_dma_ex.gcc.rsp
c:\users\brandao\desktop\tcc\projetos_arm\drone_rtos\dronee\dronee\visualgdb\debug\stm32f4xx_hal_flash.gcc.rsp
c:\users\brandao\desktop\tcc\projetos_arm\drone_rtos\dronee\dronee\visualgdb\debug\stm32f4xx_hal_flash_ex.gcc.rsp
c:\users\brandao\desktop\tcc\projetos_arm\drone_rtos\dronee\dronee\visualgdb\debug\stm32f4xx_hal_flash_ramfunc.gcc.rsp
c:\users\brandao\desktop\tcc\projetos_arm\drone_rtos\dronee\dronee\visualgdb\debug\stm32f4xx_hal_gpio.gcc.rsp
c:\users\brandao\desktop\tcc\projetos_arm\drone_rtos\dronee\dronee\visualgdb\debug\stm32f4xx_hal_i2c.gcc.rsp
c:\users\brandao\desktop\tcc\projetos_arm\drone_rtos\dronee\dronee\visualgdb\debug\stm32f4xx_hal_i2c_ex.gcc.rsp
c:\users\brandao\desktop\tcc\projetos_arm\drone_rtos\dronee\dronee\visualgdb\debug\stm32f4xx_hal_msp.gcc.rsp
c:\users\brandao\desktop\tcc\projetos_arm\drone_rtos\dronee\dronee\visualgdb\debug\stm32f4xx_hal_pwr.gcc.rsp
c:\users\brandao\desktop\tcc\projetos_arm\drone_rtos\dronee\dronee\visualgdb\debug\stm32f4xx_hal_pwr_ex.gcc.rsp
c:\users\brandao\desktop\tcc\projetos_arm\drone_rtos\dronee\dronee\visualgdb\debug\stm32f4xx_hal_rcc.gcc.rsp
c:\users\brandao\desktop\tcc\projetos_arm\drone_rtos\dronee\dronee\visualgdb\debug\stm32f4xx_hal_rcc_ex.gcc.rsp
c:\users\brandao\desktop\tcc\projetos_arm\drone_rtos\dronee\dronee\visualgdb\debug\stm32f4xx_hal_tim.gcc.rsp
c:\users\brandao\desktop\tcc\projetos_arm\drone_rtos\dronee\dronee\visualgdb\debug\stm32f4xx_hal_tim_ex.gcc.rsp
c:\users\brandao\desktop\tcc\projetos_arm\drone_rtos\dronee\dronee\visualgdb\debug\stm32f4xx_hal_uart.gcc.rsp
c:\users\brandao\desktop\tcc\projetos_arm\drone_rtos\dronee\dronee\visualgdb\debug\stm32f4xx_it.gcc.rsp
c:\users\brandao\desktop\tcc\projetos_arm\drone_rtos\dronee\dronee\visualgdb\debug\system_stm32f4xx.gcc.rsp
c:\users\brandao\desktop\tcc\projetos_arm\drone_rtos\dronee\dronee\visualgdb\debug\tasks.gcc.rsp
c:\users\brandao\desktop\tcc\projetos_arm\drone_rtos\dronee\dronee\visualgdb\debug\timers.gcc.rsp
c:\users\brandao\desktop\tcc\projetos_arm\drone_rtos\dronee\dronee\visualgdb\debug\dronee.alldeps
